build/app/outputs/mapping/release/seeds.txt
com.example.benden_al.MainActivity
com.example.benden_al.MainActivity: MainActivity()
...
com.bumptech.glide.load.resource.bitmap.DownsampleStrategy$SampleSizeRounding: com.bumptech.glide.load.resource.bitmap.DownsampleStrategy$SampleSizeRounding[] values()
com.google.firebase.installations.remote.InstallationResponse$ResponseCode: com.google.firebase.installations.remote.InstallationResponse$ResponseCode[] values()
com.sangcomz.fishbun.util.TouchImageView$State: TouchImageView$State(java.lang.String,int)
com.google.firestore.v1.WriteRequest: com.google.protobuf.ByteString streamToken_
com.google.android.gms.internal.firebase-auth-api.zzhg: com.google.android.gms.internal.firebase-auth-api.zzha zzf
androidx.appcompat.widget.LinearLayoutCompat: void setBaselineAligned(boolean)
io.flutter.embedding.engine.FlutterJNI: void addIsDisplayingFlutterUiListener(io.flutter.embedding.engine.renderer.FlutterUiDisplayListener)
com.google.firebase.firestore.proto.Target: java.lang.Object targetType_
io.flutter.embedding.engine.FlutterJNI: void nativeDeferredComponentInstallFailure(int,java.lang.String,boolean)
androidx.appcompat.widget.Toolbar: void setSubtitleTextColor(int)
com.sangcomz.fishbun.util.TouchImageView$State: com.sangcomz.fishbun.util.TouchImageView$State valueOf(java.lang.String)
com.google.protobuf.NullValue: com.google.protobuf.NullValue[] values()
com.google.firestore.v1.DocumentDelete: java.lang.String document_
com.google.android.material.internal.CheckableImageButton
io.flutter.plugins.firebase.core.FlutterFirebasePlugin
io.flutter.embedding.engine.FlutterJNI: void nativeUnregisterTexture(long,long)
io.flutter.embedding.engine.FlutterJNI: void updateSemantics(java.nio.ByteBuffer,java.lang.String[])
androidx.coordinatorlayout.widget.CoordinatorLayout: void setStatusBarBackgroundResource(int)
com.google.android.gms.internal.measurement.zzfw: long zzn
io.flutter.plugins.imagepicker.ImagePickerPlugin$LifeCycleObserver
io.flutter.plugin.editing.ImeSyncDeferringInsetsCallback: boolean access$202(io.flutter.plugin.editing.ImeSyncDeferringInsetsCallback,boolean)
com.google.firestore.v1.Document: com.google.protobuf.Timestamp updateTime_
androidx.viewpager.widget.ViewPager: int getClientWidth()
com.google.android.gms.internal.firebase-auth-api.zziq
androidx.appcompat.widget.SearchView$SearchAutoComplete: void setThreshold(int)
androidx.core.widget.NestedScrollView: void setNestedScrollingEnabled(boolean)
com.google.android.material.internal.NavigationMenuView
com.google.firebase.firestore.proto.UnknownDocument: com.google.protobuf.Timestamp version_
io.flutter.embedding.engine.FlutterJNI: void nativeNotifyLowMemoryWarning(long)
io.flutter.plugin.editing.ImeSyncDeferringInsetsCallback: android.view.WindowInsets access$402(io.flutter.plugin.editing.ImeSyncDeferringInsetsCallback,android.view.WindowInsets)
com.google.firestore.v1.Cursor: int VALUES_FIELD_NUMBER
io.grpc.okhttp.NegotiationType: io.grpc.okhttp.NegotiationType valueOf(java.lang.String)
androidx.appcompat.widget.LinearLayoutCompat: int getGravity()
com.google.android.material.internal.NavigationMenuItemView: void setActionView(android.view.View)
com.google.firebase.firestore.core.Filter$Operator: com.google.firebase.firestore.core.Filter$Operator[] values()
com.google.android.gms.internal.measurement.zzga: com.google.android.gms.internal.measurement.zzga[] values()
com.google.firestore.v1.ArrayValue: com.google.firestore.v1.ArrayValue DEFAULT_INSTANCE
com.google.firebase.firestore.proto.Target: int targetId_
io.grpc.ConnectivityState: io.grpc.ConnectivityState[] values()
com.google.android.gms.internal.measurement.zzfc: com.google.android.gms.internal.measurement.zzkk zzj
com.google.firebase.analytics.FirebaseAnalytics: java.lang.String getFirebaseInstanceId()
androidx.appcompat.widget.ActionBarContainer: void setTransitioning(boolean)
com.google.firestore.v1.ExistenceFilter: int targetId_
com.sangcomz.fishbun.util.TouchImageView
androidx.lifecycle.ReportFragment$LifecycleCallbacks: void onActivityPostResumed(android.app.Activity)