build/app/outputs/mapping/release/mapping.txt
# compiler: R8
# compiler_version: 2.1.62
# min_api: 21
# pg_map_id: 27ca96f
# common_typos_disable
...
com.google.common.base.Platform$JdkPatternCompiler -> b.b.c.a.h$b:
com.google.common.base.Preconditions -> b.b.c.a.i:
    java.lang.String badElementIndex(int,int,java.lang.String) -> a
    java.lang.String badPositionIndex(int,int,java.lang.String) -> b
    java.lang.String badPositionIndexes(int,int,int) -> c
    void checkArgument(boolean) -> d
    void checkArgument(boolean,java.lang.Object) -> e
    void checkArgument(boolean,java.lang.String,char) -> f
    void checkArgument(boolean,java.lang.String,char,java.lang.Object) -> g
    void checkArgument(boolean,java.lang.String,int) -> h
    void checkArgument(boolean,java.lang.String,long) -> i
    void checkArgument(boolean,java.lang.String,java.lang.Object) -> j
    void checkArgument(boolean,java.lang.String,java.lang.Object,java.lang.Object) -> k
    int checkElementIndex(int,int) -> l
    int checkElementIndex(int,int,java.lang.String) -> m
    java.lang.Object checkNotNull(java.lang.Object) -> n
    java.lang.Object checkNotNull(java.lang.Object,java.lang.Object) -> o
    java.lang.Object checkNotNull(java.lang.Object,java.lang.String,java.lang.Object) -> p
    int checkPositionIndex(int,int) -> q
    int checkPositionIndex(int,int,java.lang.String) -> r
    void checkPositionIndexes(int,int,int) -> s
    void checkState(boolean) -> t
    void checkState(boolean,java.lang.Object) -> u
    void checkState(boolean,java.lang.String,int) -> v
    void checkState(boolean,java.lang.String,java.lang.Object) -> w
com.google.common.base.Splitter -> b.b.c.a.j:
    boolean omitEmptyStrings -> a
    com.google.common.base.Splitter$Strategy strategy -> b
    int limit -> c
    com.google.common.base.Splitter on(char) -> a
    com.google.common.base.Splitter on(com.google.common.base.CharMatcher) -> b
    com.google.common.base.Splitter trimResults() -> c
    com.google.common.base.Splitter trimResults(com.google.common.base.CharMatcher) -> d
com.google.common.base.Splitter$1 -> b.b.c.a.j$a:
com.google.common.base.Splitter$Strategy -> b.b.c.a.j$b:
com.google.common.base.Stopwatch -> b.b.c.a.k:
    long startTick -> d
    com.google.common.base.Ticker ticker -> a
    long elapsedNanos -> c
    boolean isRunning -> b
    java.lang.String abbreviate(java.util.concurrent.TimeUnit) -> a
    java.util.concurrent.TimeUnit chooseUnit(long) -> b
    com.google.common.base.Stopwatch createUnstarted() -> c
    long elapsed(java.util.concurrent.TimeUnit) -> d
    long elapsedNanos() -> e
    com.google.common.base.Stopwatch reset() -> f
    com.google.common.base.Stopwatch start() -> g
com.google.common.base.Stopwatch$1 -> b.b.c.a.k$a:
    int[] $SwitchMap$java$util$concurrent$TimeUnit -> a
com.google.common.base.Strings -> b.b.c.a.l:
    boolean isNullOrEmpty(java.lang.String) -> a
    java.lang.String lenientFormat(java.lang.String,java.lang.Object[]) -> b
    java.lang.String lenientToString(java.lang.Object) -> c
com.google.common.base.Supplier -> b.b.c.a.m:
com.google.common.base.Throwables -> b.b.c.a.n:
    java.lang.Object jla -> a
    java.lang.reflect.Method getGetMethod() -> a
    java.lang.Object getJLA() -> b
    java.lang.reflect.Method getJlaMethod(java.lang.String,java.lang.Class[]) -> c
    java.lang.reflect.Method getSizeMethod() -> d
    java.lang.String getStackTraceAsString(java.lang.Throwable) -> e
    void throwIfUnchecked(java.lang.Throwable) -> f
com.google.common.base.Ticker -> b.b.c.a.o:
    com.google.common.base.Ticker SYSTEM_TICKER -> a
    long read() -> a
    com.google.common.base.Ticker systemTicker() -> b
com.google.common.base.Ticker$1 -> b.b.c.a.o$a:
    long read() -> a
com.google.common.base.Verify -> b.b.c.a.p:
    void verify(boolean,java.lang.String,java.lang.Object) -> a
com.google.common.base.VerifyException -> b.b.c.a.q:
com.google.common.collect.AbstractIndexedListIterator -> b.b.c.b.a:
    int size -> l
    int position -> m
    java.lang.Object get(int) -> c